  CREATE_STREAM @0 {NAME:ptc_capture_feature_seq T:TVM SCOPE:uvm_test_top.tb.env.agent.sequencer STREAM:1}
BEGIN @0 {TXH:2 STREAM:1 NAME:ptc_capture_feature_seq TIME=0  TYPE="Begin_No_Parent, Link" LABEL:"" DESC=""}
BEGIN @0 {TXH:3 STREAM:1 NAME:ptc_capture_feature_seq TIME=0  TYPE="Begin_No_Parent, Link" LABEL:"" DESC=""}
BEGIN @0 {TXH:4 STREAM:1 NAME:read_counter_before TIME=0  TYPE="Begin_End, Link" LABEL:"" DESC=""}
  LINK @0 {TXH1:2 TXH2:4 RELATION=child}
  SET_ATTR @0 {TXH:4 NAME:transaction_id VALUE:1   RADIX:UVM_DEC BITS=32}
END @0 {TXH:4 TIME=0}
FREE @0 {TXH:4}
BEGIN @0 {TXH:5 STREAM:1 NAME:read_counter_before TIME=0  TYPE="Begin_End, Link" LABEL:"" DESC=""}
  LINK @0 {TXH1:3 TXH2:5 RELATION=child}
  SET_ATTR @0 {TXH:5 NAME:transaction_id VALUE:1   RADIX:UVM_DEC BITS=32}
END @0 {TXH:5 TIME=0}
FREE @0 {TXH:5}
BEGIN @10000 {TXH:6 STREAM:1 NAME:read_cntr_before_capture TIME=0  TYPE="Begin_End, Link" LABEL:"" DESC=""}
  LINK @10000 {TXH1:2 TXH2:6 RELATION=child}
  SET_ATTR @10000 {TXH:6 NAME:transaction_id VALUE:2   RADIX:UVM_DEC BITS=32}
END @10000 {TXH:6 TIME=0}
FREE @10000 {TXH:6}
BEGIN @10000 {TXH:7 STREAM:1 NAME:read_cntr_before_capture TIME=0  TYPE="Begin_End, Link" LABEL:"" DESC=""}
  LINK @10000 {TXH1:3 TXH2:7 RELATION=child}
  SET_ATTR @10000 {TXH:7 NAME:transaction_id VALUE:2   RADIX:UVM_DEC BITS=32}
END @10000 {TXH:7 TIME=0}
FREE @10000 {TXH:7}
BEGIN @20000 {TXH:8 STREAM:1 NAME:pulse_capture TIME=0  TYPE="Begin_End, Link" LABEL:"" DESC=""}
  LINK @20000 {TXH1:2 TXH2:8 RELATION=child}
  SET_ATTR @25000 {TXH:8 NAME:transaction_id VALUE:3   RADIX:UVM_DEC BITS=32}
END @25000 {TXH:8 TIME=0}
FREE @25000 {TXH:8}
BEGIN @25000 {TXH:9 STREAM:1 NAME:pulse_capture TIME=0  TYPE="Begin_End, Link" LABEL:"" DESC=""}
  LINK @25000 {TXH1:3 TXH2:9 RELATION=child}
  SET_ATTR @30000 {TXH:9 NAME:transaction_id VALUE:3   RADIX:UVM_DEC BITS=32}
END @30000 {TXH:9 TIME=0}
FREE @30000 {TXH:9}
BEGIN @30000 {TXH:10 STREAM:1 NAME:read_counter_after TIME=0  TYPE="Begin_End, Link" LABEL:"" DESC=""}
  LINK @30000 {TXH1:2 TXH2:10 RELATION=child}
  SET_ATTR @30000 {TXH:10 NAME:transaction_id VALUE:4   RADIX:UVM_DEC BITS=32}
END @30000 {TXH:10 TIME=0}
FREE @30000 {TXH:10}
END @30000 {TXH:2 TIME=0}
FREE @30000 {TXH:2}
BEGIN @30000 {TXH:11 STREAM:1 NAME:read_counter_after TIME=0  TYPE="Begin_End, Link" LABEL:"" DESC=""}
  LINK @30000 {TXH1:3 TXH2:11 RELATION=child}
  SET_ATTR @30000 {TXH:11 NAME:transaction_id VALUE:4   RADIX:UVM_DEC BITS=32}
END @30000 {TXH:11 TIME=0}
FREE @30000 {TXH:11}
END @30000 {TXH:3 TIME=0}
FREE @30000 {TXH:3}
BEGIN @30000 {TXH:12 STREAM:1 NAME:ptc_capture_feature_seq TIME=0  TYPE="Begin_No_Parent, Link" LABEL:"" DESC=""}
BEGIN @30000 {TXH:13 STREAM:1 NAME:read_counter_before TIME=0  TYPE="Begin_End, Link" LABEL:"" DESC=""}
  LINK @30000 {TXH1:12 TXH2:13 RELATION=child}
  SET_ATTR @30000 {TXH:13 NAME:transaction_id VALUE:1   RADIX:UVM_DEC BITS=32}
END @30000 {TXH:13 TIME=0}
FREE @30000 {TXH:13}
BEGIN @40000 {TXH:14 STREAM:1 NAME:read_cntr_before_capture TIME=0  TYPE="Begin_End, Link" LABEL:"" DESC=""}
  LINK @40000 {TXH1:12 TXH2:14 RELATION=child}
  SET_ATTR @40000 {TXH:14 NAME:transaction_id VALUE:2   RADIX:UVM_DEC BITS=32}
END @40000 {TXH:14 TIME=0}
FREE @40000 {TXH:14}
BEGIN @50000 {TXH:15 STREAM:1 NAME:pulse_capture TIME=0  TYPE="Begin_End, Link" LABEL:"" DESC=""}
  LINK @50000 {TXH1:12 TXH2:15 RELATION=child}
  SET_ATTR @55000 {TXH:15 NAME:transaction_id VALUE:3   RADIX:UVM_DEC BITS=32}
END @55000 {TXH:15 TIME=0}
FREE @55000 {TXH:15}
BEGIN @55000 {TXH:16 STREAM:1 NAME:read_counter_after TIME=0  TYPE="Begin_End, Link" LABEL:"" DESC=""}
  LINK @55000 {TXH1:12 TXH2:16 RELATION=child}
  SET_ATTR @55000 {TXH:16 NAME:transaction_id VALUE:4   RADIX:UVM_DEC BITS=32}
END @55000 {TXH:16 TIME=0}
FREE @55000 {TXH:16}
END @55000 {TXH:12 TIME=0}
FREE @55000 {TXH:12}
BEGIN @55000 {TXH:17 STREAM:1 NAME:ptc_capture_feature_seq TIME=0  TYPE="Begin_No_Parent, Link" LABEL:"" DESC=""}
BEGIN @55000 {TXH:18 STREAM:1 NAME:read_counter_before TIME=0  TYPE="Begin_End, Link" LABEL:"" DESC=""}
  LINK @55000 {TXH1:17 TXH2:18 RELATION=child}
  SET_ATTR @55000 {TXH:18 NAME:transaction_id VALUE:1   RADIX:UVM_DEC BITS=32}
END @55000 {TXH:18 TIME=0}
FREE @55000 {TXH:18}
BEGIN @65000 {TXH:19 STREAM:1 NAME:read_cntr_before_capture TIME=0  TYPE="Begin_End, Link" LABEL:"" DESC=""}
  LINK @65000 {TXH1:17 TXH2:19 RELATION=child}
  SET_ATTR @65000 {TXH:19 NAME:transaction_id VALUE:2   RADIX:UVM_DEC BITS=32}
END @65000 {TXH:19 TIME=0}
FREE @65000 {TXH:19}
BEGIN @75000 {TXH:20 STREAM:1 NAME:pulse_capture TIME=0  TYPE="Begin_End, Link" LABEL:"" DESC=""}
  LINK @75000 {TXH1:17 TXH2:20 RELATION=child}
  SET_ATTR @80000 {TXH:20 NAME:transaction_id VALUE:3   RADIX:UVM_DEC BITS=32}
END @80000 {TXH:20 TIME=0}
FREE @80000 {TXH:20}
BEGIN @80000 {TXH:21 STREAM:1 NAME:read_counter_after TIME=0  TYPE="Begin_End, Link" LABEL:"" DESC=""}
  LINK @80000 {TXH1:17 TXH2:21 RELATION=child}
  SET_ATTR @80000 {TXH:21 NAME:transaction_id VALUE:4   RADIX:UVM_DEC BITS=32}
END @80000 {TXH:21 TIME=0}
FREE @80000 {TXH:21}
END @80000 {TXH:17 TIME=0}
FREE @80000 {TXH:17}
BEGIN @80000 {TXH:22 STREAM:1 NAME:ptc_capture_feature_seq TIME=0  TYPE="Begin_No_Parent, Link" LABEL:"" DESC=""}
BEGIN @80000 {TXH:23 STREAM:1 NAME:read_counter_before TIME=0  TYPE="Begin_End, Link" LABEL:"" DESC=""}
  LINK @80000 {TXH1:22 TXH2:23 RELATION=child}
  SET_ATTR @80000 {TXH:23 NAME:transaction_id VALUE:1   RADIX:UVM_DEC BITS=32}
END @80000 {TXH:23 TIME=0}
FREE @80000 {TXH:23}
BEGIN @90000 {TXH:24 STREAM:1 NAME:read_cntr_before_capture TIME=0  TYPE="Begin_End, Link" LABEL:"" DESC=""}
  LINK @90000 {TXH1:22 TXH2:24 RELATION=child}
  SET_ATTR @90000 {TXH:24 NAME:transaction_id VALUE:2   RADIX:UVM_DEC BITS=32}
END @90000 {TXH:24 TIME=0}
FREE @90000 {TXH:24}
BEGIN @100000 {TXH:25 STREAM:1 NAME:pulse_capture TIME=0  TYPE="Begin_End, Link" LABEL:"" DESC=""}
  LINK @100000 {TXH1:22 TXH2:25 RELATION=child}
  SET_ATTR @105000 {TXH:25 NAME:transaction_id VALUE:3   RADIX:UVM_DEC BITS=32}
END @105000 {TXH:25 TIME=0}
FREE @105000 {TXH:25}
BEGIN @105000 {TXH:26 STREAM:1 NAME:read_counter_after TIME=0  TYPE="Begin_End, Link" LABEL:"" DESC=""}
  LINK @105000 {TXH1:22 TXH2:26 RELATION=child}
  SET_ATTR @105000 {TXH:26 NAME:transaction_id VALUE:4   RADIX:UVM_DEC BITS=32}
END @105000 {TXH:26 TIME=0}
FREE @105000 {TXH:26}
END @105000 {TXH:22 TIME=0}
FREE @105000 {TXH:22}
BEGIN @105000 {TXH:27 STREAM:1 NAME:ptc_capture_feature_seq TIME=0  TYPE="Begin_No_Parent, Link" LABEL:"" DESC=""}
BEGIN @105000 {TXH:28 STREAM:1 NAME:read_counter_before TIME=0  TYPE="Begin_End, Link" LABEL:"" DESC=""}
  LINK @105000 {TXH1:27 TXH2:28 RELATION=child}
  SET_ATTR @105000 {TXH:28 NAME:transaction_id VALUE:1   RADIX:UVM_DEC BITS=32}
END @105000 {TXH:28 TIME=0}
FREE @105000 {TXH:28}
BEGIN @115000 {TXH:29 STREAM:1 NAME:read_cntr_before_capture TIME=0  TYPE="Begin_End, Link" LABEL:"" DESC=""}
  LINK @115000 {TXH1:27 TXH2:29 RELATION=child}
  SET_ATTR @115000 {TXH:29 NAME:transaction_id VALUE:2   RADIX:UVM_DEC BITS=32}
END @115000 {TXH:29 TIME=0}
FREE @115000 {TXH:29}
BEGIN @125000 {TXH:30 STREAM:1 NAME:pulse_capture TIME=0  TYPE="Begin_End, Link" LABEL:"" DESC=""}
  LINK @125000 {TXH1:27 TXH2:30 RELATION=child}
  SET_ATTR @130000 {TXH:30 NAME:transaction_id VALUE:3   RADIX:UVM_DEC BITS=32}
END @130000 {TXH:30 TIME=0}
FREE @130000 {TXH:30}
BEGIN @130000 {TXH:31 STREAM:1 NAME:read_counter_after TIME=0  TYPE="Begin_End, Link" LABEL:"" DESC=""}
  LINK @130000 {TXH1:27 TXH2:31 RELATION=child}
  SET_ATTR @130000 {TXH:31 NAME:transaction_id VALUE:4   RADIX:UVM_DEC BITS=32}
END @130000 {TXH:31 TIME=0}
FREE @130000 {TXH:31}
END @130000 {TXH:27 TIME=0}
FREE @130000 {TXH:27}
BEGIN @130000 {TXH:32 STREAM:1 NAME:ptc_capture_feature_seq TIME=0  TYPE="Begin_No_Parent, Link" LABEL:"" DESC=""}
BEGIN @130000 {TXH:33 STREAM:1 NAME:read_counter_before TIME=0  TYPE="Begin_End, Link" LABEL:"" DESC=""}
  LINK @130000 {TXH1:32 TXH2:33 RELATION=child}
  SET_ATTR @130000 {TXH:33 NAME:transaction_id VALUE:1   RADIX:UVM_DEC BITS=32}
END @130000 {TXH:33 TIME=0}
FREE @130000 {TXH:33}
BEGIN @140000 {TXH:34 STREAM:1 NAME:read_cntr_before_capture TIME=0  TYPE="Begin_End, Link" LABEL:"" DESC=""}
  LINK @140000 {TXH1:32 TXH2:34 RELATION=child}
  SET_ATTR @140000 {TXH:34 NAME:transaction_id VALUE:2   RADIX:UVM_DEC BITS=32}
END @140000 {TXH:34 TIME=0}
FREE @140000 {TXH:34}
BEGIN @150000 {TXH:35 STREAM:1 NAME:pulse_capture TIME=0  TYPE="Begin_End, Link" LABEL:"" DESC=""}
  LINK @150000 {TXH1:32 TXH2:35 RELATION=child}
  SET_ATTR @155000 {TXH:35 NAME:transaction_id VALUE:3   RADIX:UVM_DEC BITS=32}
END @155000 {TXH:35 TIME=0}
FREE @155000 {TXH:35}
BEGIN @155000 {TXH:36 STREAM:1 NAME:read_counter_after TIME=0  TYPE="Begin_End, Link" LABEL:"" DESC=""}
  LINK @155000 {TXH1:32 TXH2:36 RELATION=child}
  SET_ATTR @155000 {TXH:36 NAME:transaction_id VALUE:4   RADIX:UVM_DEC BITS=32}
END @155000 {TXH:36 TIME=0}
FREE @155000 {TXH:36}
END @155000 {TXH:32 TIME=0}
FREE @155000 {TXH:32}
BEGIN @155000 {TXH:37 STREAM:1 NAME:ptc_capture_feature_seq TIME=0  TYPE="Begin_No_Parent, Link" LABEL:"" DESC=""}
BEGIN @155000 {TXH:38 STREAM:1 NAME:read_counter_before TIME=0  TYPE="Begin_End, Link" LABEL:"" DESC=""}
  LINK @155000 {TXH1:37 TXH2:38 RELATION=child}
  SET_ATTR @155000 {TXH:38 NAME:transaction_id VALUE:1   RADIX:UVM_DEC BITS=32}
END @155000 {TXH:38 TIME=0}
FREE @155000 {TXH:38}
BEGIN @165000 {TXH:39 STREAM:1 NAME:read_cntr_before_capture TIME=0  TYPE="Begin_End, Link" LABEL:"" DESC=""}
  LINK @165000 {TXH1:37 TXH2:39 RELATION=child}
  SET_ATTR @165000 {TXH:39 NAME:transaction_id VALUE:2   RADIX:UVM_DEC BITS=32}
END @165000 {TXH:39 TIME=0}
FREE @165000 {TXH:39}
BEGIN @175000 {TXH:40 STREAM:1 NAME:pulse_capture TIME=0  TYPE="Begin_End, Link" LABEL:"" DESC=""}
  LINK @175000 {TXH1:37 TXH2:40 RELATION=child}
  SET_ATTR @180000 {TXH:40 NAME:transaction_id VALUE:3   RADIX:UVM_DEC BITS=32}
END @180000 {TXH:40 TIME=0}
FREE @180000 {TXH:40}
BEGIN @180000 {TXH:41 STREAM:1 NAME:read_counter_after TIME=0  TYPE="Begin_End, Link" LABEL:"" DESC=""}
  LINK @180000 {TXH1:37 TXH2:41 RELATION=child}
  SET_ATTR @180000 {TXH:41 NAME:transaction_id VALUE:4   RADIX:UVM_DEC BITS=32}
END @180000 {TXH:41 TIME=0}
FREE @180000 {TXH:41}
END @180000 {TXH:37 TIME=0}
FREE @180000 {TXH:37}
BEGIN @180000 {TXH:42 STREAM:1 NAME:ptc_capture_feature_seq TIME=0  TYPE="Begin_No_Parent, Link" LABEL:"" DESC=""}
BEGIN @180000 {TXH:43 STREAM:1 NAME:read_counter_before TIME=0  TYPE="Begin_End, Link" LABEL:"" DESC=""}
  LINK @180000 {TXH1:42 TXH2:43 RELATION=child}
  SET_ATTR @180000 {TXH:43 NAME:transaction_id VALUE:1   RADIX:UVM_DEC BITS=32}
END @180000 {TXH:43 TIME=0}
FREE @180000 {TXH:43}
BEGIN @190000 {TXH:44 STREAM:1 NAME:read_cntr_before_capture TIME=0  TYPE="Begin_End, Link" LABEL:"" DESC=""}
  LINK @190000 {TXH1:42 TXH2:44 RELATION=child}
  SET_ATTR @190000 {TXH:44 NAME:transaction_id VALUE:2   RADIX:UVM_DEC BITS=32}
END @190000 {TXH:44 TIME=0}
FREE @190000 {TXH:44}
BEGIN @200000 {TXH:45 STREAM:1 NAME:pulse_capture TIME=0  TYPE="Begin_End, Link" LABEL:"" DESC=""}
  LINK @200000 {TXH1:42 TXH2:45 RELATION=child}
  SET_ATTR @205000 {TXH:45 NAME:transaction_id VALUE:3   RADIX:UVM_DEC BITS=32}
END @205000 {TXH:45 TIME=0}
FREE @205000 {TXH:45}
BEGIN @205000 {TXH:46 STREAM:1 NAME:read_counter_after TIME=0  TYPE="Begin_End, Link" LABEL:"" DESC=""}
  LINK @205000 {TXH1:42 TXH2:46 RELATION=child}
  SET_ATTR @205000 {TXH:46 NAME:transaction_id VALUE:4   RADIX:UVM_DEC BITS=32}
END @205000 {TXH:46 TIME=0}
FREE @205000 {TXH:46}
END @205000 {TXH:42 TIME=0}
FREE @205000 {TXH:42}
BEGIN @205000 {TXH:47 STREAM:1 NAME:ptc_capture_feature_seq TIME=0  TYPE="Begin_No_Parent, Link" LABEL:"" DESC=""}
BEGIN @205000 {TXH:48 STREAM:1 NAME:read_counter_before TIME=0  TYPE="Begin_End, Link" LABEL:"" DESC=""}
  LINK @205000 {TXH1:47 TXH2:48 RELATION=child}
  SET_ATTR @205000 {TXH:48 NAME:transaction_id VALUE:1   RADIX:UVM_DEC BITS=32}
END @205000 {TXH:48 TIME=0}
FREE @205000 {TXH:48}
BEGIN @215000 {TXH:49 STREAM:1 NAME:read_cntr_before_capture TIME=0  TYPE="Begin_End, Link" LABEL:"" DESC=""}
  LINK @215000 {TXH1:47 TXH2:49 RELATION=child}
  SET_ATTR @215000 {TXH:49 NAME:transaction_id VALUE:2   RADIX:UVM_DEC BITS=32}
END @215000 {TXH:49 TIME=0}
FREE @215000 {TXH:49}
BEGIN @225000 {TXH:50 STREAM:1 NAME:pulse_capture TIME=0  TYPE="Begin_End, Link" LABEL:"" DESC=""}
  LINK @225000 {TXH1:47 TXH2:50 RELATION=child}
  SET_ATTR @230000 {TXH:50 NAME:transaction_id VALUE:3   RADIX:UVM_DEC BITS=32}
END @230000 {TXH:50 TIME=0}
FREE @230000 {TXH:50}
BEGIN @230000 {TXH:51 STREAM:1 NAME:read_counter_after TIME=0  TYPE="Begin_End, Link" LABEL:"" DESC=""}
  LINK @230000 {TXH1:47 TXH2:51 RELATION=child}
  SET_ATTR @230000 {TXH:51 NAME:transaction_id VALUE:4   RADIX:UVM_DEC BITS=32}
END @230000 {TXH:51 TIME=0}
FREE @230000 {TXH:51}
END @230000 {TXH:47 TIME=0}
FREE @230000 {TXH:47}
BEGIN @230000 {TXH:52 STREAM:1 NAME:ptc_capture_feature_seq TIME=0  TYPE="Begin_No_Parent, Link" LABEL:"" DESC=""}
BEGIN @230000 {TXH:53 STREAM:1 NAME:read_counter_before TIME=0  TYPE="Begin_End, Link" LABEL:"" DESC=""}
  LINK @230000 {TXH1:52 TXH2:53 RELATION=child}
  SET_ATTR @230000 {TXH:53 NAME:transaction_id VALUE:1   RADIX:UVM_DEC BITS=32}
END @230000 {TXH:53 TIME=0}
FREE @230000 {TXH:53}
BEGIN @240000 {TXH:54 STREAM:1 NAME:read_cntr_before_capture TIME=0  TYPE="Begin_End, Link" LABEL:"" DESC=""}
  LINK @240000 {TXH1:52 TXH2:54 RELATION=child}
  SET_ATTR @240000 {TXH:54 NAME:transaction_id VALUE:2   RADIX:UVM_DEC BITS=32}
END @240000 {TXH:54 TIME=0}
FREE @240000 {TXH:54}
BEGIN @250000 {TXH:55 STREAM:1 NAME:pulse_capture TIME=0  TYPE="Begin_End, Link" LABEL:"" DESC=""}
  LINK @250000 {TXH1:52 TXH2:55 RELATION=child}
  SET_ATTR @255000 {TXH:55 NAME:transaction_id VALUE:3   RADIX:UVM_DEC BITS=32}
END @255000 {TXH:55 TIME=0}
FREE @255000 {TXH:55}
BEGIN @255000 {TXH:56 STREAM:1 NAME:read_counter_after TIME=0  TYPE="Begin_End, Link" LABEL:"" DESC=""}
  LINK @255000 {TXH1:52 TXH2:56 RELATION=child}
  SET_ATTR @255000 {TXH:56 NAME:transaction_id VALUE:4   RADIX:UVM_DEC BITS=32}
END @255000 {TXH:56 TIME=0}
FREE @255000 {TXH:56}
END @255000 {TXH:52 TIME=0}
FREE @255000 {TXH:52}
BEGIN @255000 {TXH:57 STREAM:1 NAME:ptc_capture_feature_seq TIME=0  TYPE="Begin_No_Parent, Link" LABEL:"" DESC=""}
BEGIN @255000 {TXH:58 STREAM:1 NAME:read_counter_before TIME=0  TYPE="Begin_End, Link" LABEL:"" DESC=""}
  LINK @255000 {TXH1:57 TXH2:58 RELATION=child}
  SET_ATTR @255000 {TXH:58 NAME:transaction_id VALUE:1   RADIX:UVM_DEC BITS=32}
END @255000 {TXH:58 TIME=0}
FREE @255000 {TXH:58}
BEGIN @265000 {TXH:59 STREAM:1 NAME:read_cntr_before_capture TIME=0  TYPE="Begin_End, Link" LABEL:"" DESC=""}
  LINK @265000 {TXH1:57 TXH2:59 RELATION=child}
  SET_ATTR @265000 {TXH:59 NAME:transaction_id VALUE:2   RADIX:UVM_DEC BITS=32}
END @265000 {TXH:59 TIME=0}
FREE @265000 {TXH:59}
BEGIN @275000 {TXH:60 STREAM:1 NAME:pulse_capture TIME=0  TYPE="Begin_End, Link" LABEL:"" DESC=""}
  LINK @275000 {TXH1:57 TXH2:60 RELATION=child}
  SET_ATTR @280000 {TXH:60 NAME:transaction_id VALUE:3   RADIX:UVM_DEC BITS=32}
END @280000 {TXH:60 TIME=0}
FREE @280000 {TXH:60}
BEGIN @280000 {TXH:61 STREAM:1 NAME:read_counter_after TIME=0  TYPE="Begin_End, Link" LABEL:"" DESC=""}
  LINK @280000 {TXH1:57 TXH2:61 RELATION=child}
  SET_ATTR @280000 {TXH:61 NAME:transaction_id VALUE:4   RADIX:UVM_DEC BITS=32}
END @280000 {TXH:61 TIME=0}
FREE @280000 {TXH:61}
END @280000 {TXH:57 TIME=0}
FREE @280000 {TXH:57}
BEGIN @280000 {TXH:62 STREAM:1 NAME:ptc_capture_feature_seq TIME=0  TYPE="Begin_No_Parent, Link" LABEL:"" DESC=""}
BEGIN @280000 {TXH:63 STREAM:1 NAME:read_counter_before TIME=0  TYPE="Begin_End, Link" LABEL:"" DESC=""}
  LINK @280000 {TXH1:62 TXH2:63 RELATION=child}
  SET_ATTR @280000 {TXH:63 NAME:transaction_id VALUE:1   RADIX:UVM_DEC BITS=32}
END @280000 {TXH:63 TIME=0}
FREE @280000 {TXH:63}
BEGIN @290000 {TXH:64 STREAM:1 NAME:read_cntr_before_capture TIME=0  TYPE="Begin_End, Link" LABEL:"" DESC=""}
  LINK @290000 {TXH1:62 TXH2:64 RELATION=child}
  SET_ATTR @290000 {TXH:64 NAME:transaction_id VALUE:2   RADIX:UVM_DEC BITS=32}
END @290000 {TXH:64 TIME=0}
FREE @290000 {TXH:64}
BEGIN @300000 {TXH:65 STREAM:1 NAME:pulse_capture TIME=0  TYPE="Begin_End, Link" LABEL:"" DESC=""}
  LINK @300000 {TXH1:62 TXH2:65 RELATION=child}
  SET_ATTR @305000 {TXH:65 NAME:transaction_id VALUE:3   RADIX:UVM_DEC BITS=32}
END @305000 {TXH:65 TIME=0}
FREE @305000 {TXH:65}
BEGIN @305000 {TXH:66 STREAM:1 NAME:read_counter_after TIME=0  TYPE="Begin_End, Link" LABEL:"" DESC=""}
  LINK @305000 {TXH1:62 TXH2:66 RELATION=child}
  SET_ATTR @305000 {TXH:66 NAME:transaction_id VALUE:4   RADIX:UVM_DEC BITS=32}
END @305000 {TXH:66 TIME=0}
FREE @305000 {TXH:66}
END @305000 {TXH:62 TIME=0}
FREE @305000 {TXH:62}
